<?xml version="1.0" encoding="UTF-8"?>
<testsuite xmlns:xsi="http://www.w3.org/2001/XMLSchema-instance" xsi:noNamespaceSchemaLocation="https://maven.apache.org/surefire/maven-surefire-plugin/xsd/surefire-test-report.xsd" version="3.0.2" name="unittesting.CalculatorTest" time="0.102" tests="4" errors="0" skipped="0" failures="0">
  <properties>
[...]
</properties>
  <testcase name="divideSimple" classname="unittesting.CalculatorTest" time="0.043"/>
  <testcase name="subtractSimple" classname="unittesting.CalculatorTest" time="0.002"/>
  <testcase name="addSimple" classname="unittesting.CalculatorTest" time="0.002"/>
  <testcase name="multiplySimple" classname="unittesting.CalculatorTest" time="0.001"/>
</testsuite>